
                 *********************************************
                 *                                           *
                 *             A I M - S p i c e             *
                 *                                           *
                 *         Professional Version 2019.100           *
                 *                                           *
                 *********************************************

	Date: Tue Oct 29 15:09:50 2019
	Circuit File: C:\Users\Jonas\Documents\Uni\19W\design_of_integrated_circuits\project\git\DIC_project\jonas\spice\spice_sim.cir
	Analysis: Transient

**************************  Circuit Description  **************************

     1:  testbench
     2:  
     3:  .param Ipd_1 = 750p ! Photodiode current, range [50 pA, 750 pA]
     4:  .param VDD = 1.8 ! Supply voltage
     5:  .param EXPOSURETIME = 2m ! Exposure time, range [2 ms, 30 ms]
     6:  
     7:  .param TRF = {EXPOSURETIME/100} ! Risetime and falltime of EXPOSURE and ERASE signals
     8:  .param PW = {EXPOSURETIME} ! Pulsewidth of EXPOSURE and ERASE signals
     9:  .param PERIOD = {EXPOSURETIME*10} ! Period for testbench sources
    10:  .param FS = 1k; ! Sampling clock frequency 
    11:  .param CLK_PERIOD = {1/FS} ! Sampling clock period
    12:  .param EXPOSE_DLY = {CLK_PERIOD} ! Delay for EXPOSE signal
    13:  .param NRE_R1_DLY = {2*CLK_PERIOD + EXPOSURETIME} ! Delay for NRE_R1 signal
    14:  .param NRE_R2_DLY = {4*CLK_PERIOD + EXPOSURETIME} ! Delay for NRE_R2 signal
    15:  .param ERASE_DLY = {6*CLK_PERIOD + EXPOSURETIME} ! Delay for ERASE signal
    16:  
    17:  VDD 1 0 dc VDD
    18:  VEXPOSE EXPOSE 0 dc 0 pulse(0 VDD EXPOSE_DLY TRF TRF EXPOSURETIME PERIOD)
    19:  VERASE ERASE 0 dc 0 pulse(0 VDD ERASE_DLY TRF TRF CLK_PERIOD PERIOD)
    20:  VNRE_R1 NRE_R1 0 dc 0 pulse(VDD 0 NRE_R1_DLY TRF TRF CLK_PERIOD PERIOD)
    21:  VNRE_R2 NRE_R2 0 dc 0  pulse(VDD 0 NRE_R2_DLY TRF TRF CLK_PERIOD PERIOD)
    22:  
    23:  X11 1 0 EXPOSE ERASE NRE_R1 OUT1 OUT_SAMPLED1 pixelcircuit
    24:  X12 1 0 EXPOSE ERASE NRE_R1 OUT2 N12 pixelcircuit
    25:  X21 1 0 EXPOSE ERASE NRE_R2 OUT1 N21 pixelcircuit
    26:  X22 1 0 EXPOSE ERASE NRE_R2 OUT2 N22 pixelcircuit
    27:  Xmc1 1 0 OUT1 activeLoad
    28:  Xmc2 1 0 OUT2 activeLoad
    29:  
    30:  .plot V(OUT1) V(OUT2) ! signals going to ADC
    31:  .plot V(EXPOSE) V(NRE_R1) V(NRE_R2) V(ERASE)
    32:  .plot V(OUT_SAMPLED1)
    33:  
    34:  *include C:\Users\Jonas\Documents\Uni\19W\design_of_integrated_circuits\project\PixelCircuit.txt
    35:  .subckt PhotoDiode VDD N1
    36:  I1  VDD   N1   DC  Ipd_1
    37:  d1 N1 vdd dwell 1
    38:  .model dwell d cj0=1e-14 is=1e-12 m=0.5 bv=40
    39:  Cd1 N1 VDD 30f
    40:  .ends 
    41:  
    42:  
    43:  .subckt pixelcircuit VDD 0 EXPOSE ERASE NRE OUT N2
    44:  
    45:  .param W1 = 5.04U
    46:  .param L1 = 0.36U
    47:  .param W2 = 1.08U
    48:  .param L2 = 0.36U
    49:  .param W3 = 3.36U
    50:  .param L3 = 0.72U
    51:  .param W4 = 5.04U
    52:  .param L4 = 0.36U
    53:  
    54:  X1 VDD N1 PhotoDiode
    55:  M1 N1 expose n2 0 NMOS L=L1 W=W1
    56:  C1 N2 0 3e-12				! Capacitor CS
    57:  M2 N2 erase 0 0 NMOS L=L2 W=W2
    58:  M3 0 N2 N3 VDD PMOS L=L3 W=W3
    59:  M4 N3 nre out VDD PMOS L=L4 W=W4
    60:  
    61:  .ends
    62:  
    63:  
    64:  .subckt activeLoad VDD 0 OUT
    65:  
    66:  M1 OUT OUT VDD VDD PMOS L=0.36e-6 W=5.04e-6
    67:  C1 OUT 0 3e-12
    68:  
    69:  .ends
    70:  *end of: C:\Users\Jonas\Documents\Uni\19W\design_of_integrated_circuits\project\PixelCircuit.txt
    71:  *include C:\Users\Jonas\Documents\Uni\19W\design_of_integrated_circuits\project\p18_cmos_models.inc
    72:  .param proc_delta = 0.95
    73:  .param vt_shift = 0.1
    74:  *include p18_model_card.inc
    75:  * p18 model card
    76:  .MODEL NMOS NMOS  								
    77:  + VERSION	=	3.1						
    78:  + LEVEL	=	49	NOIMOD	=	1	TNOM	=	2.70E+01
    79:  + TOX	=	'4.1E-9/proc_delta'	XJ	=	1.00E-07	NCH	=	2.33E+17
    80:  + VTH0	=	'0.36+vt_shift'	K1	=	5.84E-01	K2	=	4.14E-03
    81:  + K3	=	1.01E-03	K3B	=	2.20E+00	W0	=	1.00E-07
    82:  + NLX	=	1.81E-07	DVT0W	=	0.00E+00	DVT1W	=	0.00E+00
    83:  + DVT2W	=	0.00E+00	DVT0	=	1.73E+00	DVT1	=	4.38E-01
    84:  + DVT2	=	-3.70E-04	U0	=	'260*proc_delta*proc_delta'	UA	=	-1.38E-09
    85:  + UB	=	2.26E-18	UC	=	5.46E-11	VSAT	=	1.03E+05
    86:  + A0	=	1.92E+00	AGS	=	4.20E-01	B0	=	-1.52E-09
    87:  + B1	=	-9.92E-08	KETA	=	-7.16E-03	A1	=	6.61E-04
    88:  + A2	=	8.89E-01	RDSW	=	1.12E+02	PRWG	=	4.92E-01
    89:  + PRWB	=	-2.02E-01	WR	=	1.00E+00	WINT	=	7.12E-09
    90:  + LINT	=	1.12E-08	XL	=	-2.00E-08	XW	=	-1.00E-08
    91:  + DWG	=	-3.82E-09	DWB	=	8.63E-09	VOFF	=	-8.82E-02
    92:  + NFACTOR	=	2.30E+00	CIT	=	0.00E+00	CDSC	=	2.40E-04
    93:  + CDSCD	=	0.00E+00	CDSCB	=	0.00E+00	ETA0	=	3.13E-03
    94:  + ETAB	=	1.00E+00	DSUB	=	2.25E-02	PCLM	=	7.20E-01
    95:  + PDIBLC1	=	2.15E-01	PDIBLC2	=	2.23E-03	PDIBLCB	=	1.00E-01
    96:  + DROUT	=	8.01E-01	PSCBE1	=	5.44E+08	PSCBE2	=	1.00E-03
    97:  + PVAG	=	1.00E-12	DELTA	=	1.00E-02	RSH	=	6.78E+00
    98:  + MOBMOD	=	1.00E+00	PRT	=	0.00E+00	UTE	=	-1.50E+00
    99:  + KT1	=	-1.10E-01	KT1L	=	0.00E+00	KT2	=	2.19E-02
   100:  + UA1	=	4.28E-09	UB1	=	-7.62E-18	UC1	=	-5.57E-11
   101:  + AT	=	3.30E+04	WL	=	0.00E+00	WLN	=	1.00E+00
   102:  + WW	=	0.00E+00	WWN	=	1.00E+00	WWL	=	0.00E+00
   103:  + LL	=	0.00E+00	LLN	=	1.00E+00	LW	=	0.00E+00
   104:  + LWN	=	1.00E+00	LWL	=	0.00E+00	CAPMOD	=	2.00E+00
   105:  + XPART	=	5.00E-01	CGDO	=	6.98E-10	CGSO	=	7.03E-10
   106:  + CGBO	=	1.00E-12	CJ	=	'9.8e-4/proc_delta'	PB	=	7.34E-01
   107:  + MJ	=	3.63E-01	CJSW	=	'2.4e-10/proc_delta'	PBSW	=	4.71E-01
   108:  + MJSW	=	1.00E-01	CJSWG	=	3.29E-10	PBSWG	=	4.66E-01
   109:  + MJSWG	=	1.00E-01	CF	=	0.00E+00	PVTH0	=	-7.16E-04
   110:  + PRDSW	=	-6.66E-01	PK2	=	5.92E-04	WKETA	=	2.14E-04
   111:  + LKETA	=	-1.51E-02	PU0	=	3.36E+00	PUA	=	-1.31E-11
   112:  + PUB	=	0.00E+00	PVSAT	=	1.25E+03	PETA0	=	1.00E-04
   113:  + PKETA	=	6.45E-04	KF	=	4.46E-29			
   114:  								
   115:  .MODEL PMOS PMOS  								
   116:  + VERSION	=	3.1						
   117:  + LEVEL	=	49	NOIMOD	=	1			
   118:  + TNOM	=	2.70E+01	TOX	=	'4.1E-9/proc_delta'	XJ	=	1.00E-07
   119:  + NCH	=	4.12E+17	VTH0	=	'-0.39-vt_shift'	K1	=	5.50E-01
   120:  + K2	=	3.50E-02	K3	=	0.00E+00	K3B	=	1.20E+01
   121:  + W0	=	1.00E-06	NLX	=	1.25E-07	DVT0W	=	0.00E+00
   122:  + DVT1W	=	0.00E+00	DVT2W	=	0.00E+00	DVT0	=	5.53E-01
   123:  + DVT1	=	2.46E-01	DVT2	=	1.00E-01	U0	=	'110*proc_delta*proc_delta'
   124:  + UA	=	1.44E-09	UB	=	2.29E-21	UC	=	-1.00E-10
   125:  + VSAT	=	1.95E+05	A0	=	1.72E+00	AGS	=	3.80E-01
   126:  + B0	=	5.87E-07	B1	=	1.44E-06	KETA	=	2.21E-02
   127:  + A1	=	4.66E-01	A2	=	3.00E-01	RDSW	=	3.11E+02
   128:  + PRWG	=	5.00E-01	PRWB	=	1.64E-02	WR	=	1.00E+00
   129:  + WINT	=	0.00E+00	LINT	=	2.00E-08	XL	=	-2.00E-08
   130:  + XW	=	-1.00E-08	DWG	=	-3.49E-08	DWB	=	1.22E-09
   131:  + VOFF	=	-9.80E-02	NFACTOR	=	2.00E+00	CIT	=	0.00E+00
   132:  + CDSC	=	2.40E-04	CDSCD	=	0.00E+00	CDSCB	=	0.00E+00
   133:  + ETA0	=	1.12E-03	ETAB	=	-4.79E-04	DSUB	=	1.60E-03
   134:  + PCLM	=	1.50E+00	PDIBLC1	=	3.00E-02	PDIBLC2	=	-1.01E-05
   135:  + PDIBLCB	=	1.00E-01	DROUT	=	1.56E-03	PSCBE1	=	4.91E+09
   136:  + PSCBE2	=	1.64E-09	PVAG	=	3.48E+00	DELTA	=	1.00E-02
   137:  + RSH	=	7.69E+00	MOBMOD	=	1.00E+00	PRT	=	0.00E+00
   138:  + UTE	=	-1.49E+00	KT1	=	-1.09E-01	KT1L	=	0.00E+00
   139:  + KT2	=	2.18E-02	UA1	=	4.27E-09	UB1	=	-7.68E-18
   140:  + UC1	=	-5.57E-11	AT	=	3.31E+04	WL	=	0.00E+00
   141:  + WLN	=	1.00E+00	WW	=	0.00E+00	WWN	=	1.00E+00
   142:  + WWL	=	0.00E+00	LL	=	0.00E+00	LLN	=	1.00E+00
   143:  + LW	=	0.00E+00	LWN	=	1.00E+00	LWL	=	0.00E+00
   144:  + CAPMOD	=	2.00E+00	XPART	=	5.00E-01	CGDO	=	6.88E-10
   145:  + CGSO	=	6.85E-10	CGBO	=	1.00E-12	CJ	=	'1.2e-3/proc_delta'
   146:  + PB	=	8.70E-01	MJ	=	4.20E-01	CJSW	=	'2.4e-10/proc_delta'
   147:  + PBSW	=	8.00E-01	MJSW	=	3.57E-01	CJSWG	=	4.24E-10
   148:  + PBSWG	=	8.00E-01	MJSWG	=	3.56E-01	CF	=	0.00E+00
   149:  + PVTH0	=	3.53E-03	PRDSW	=	1.02E+01	PK2	=	3.35E-03
   150:  + WKETA	=	3.52E-02	LKETA	=	-2.06E-03	PU0	=	-2.19E+00
   151:  + PUA	=	-7.63E-11	PUB	=	9.91E-22	PVSAT	=	5.00E+01
   152:  + PKETA	=	-6.41E-03	KF	=	1.29E-29	PETA0	=	7.31E-05
   153:  
   154:  *end of: p18_model_card.inc
   155:  *end of: C:\Users\Jonas\Documents\Uni\19W\design_of_integrated_circuits\project\p18_cmos_models.inc
   156:  *include C:\Users\Jonas\Documents\Uni\19W\design_of_integrated_circuits\project\p18_model_card.inc
   157:  * p18 model card
   158:  .MODEL NMOS NMOS  								
   159:  + VERSION	=	3.1						
   160:  + LEVEL	=	49	NOIMOD	=	1	TNOM	=	2.70E+01
   161:  + TOX	=	'4.1E-9/proc_delta'	XJ	=	1.00E-07	NCH	=	2.33E+17
   162:  + VTH0	=	'0.36+vt_shift'	K1	=	5.84E-01	K2	=	4.14E-03
   163:  + K3	=	1.01E-03	K3B	=	2.20E+00	W0	=	1.00E-07
   164:  + NLX	=	1.81E-07	DVT0W	=	0.00E+00	DVT1W	=	0.00E+00
   165:  + DVT2W	=	0.00E+00	DVT0	=	1.73E+00	DVT1	=	4.38E-01
   166:  + DVT2	=	-3.70E-04	U0	=	'260*proc_delta*proc_delta'	UA	=	-1.38E-09
   167:  + UB	=	2.26E-18	UC	=	5.46E-11	VSAT	=	1.03E+05
   168:  + A0	=	1.92E+00	AGS	=	4.20E-01	B0	=	-1.52E-09
   169:  + B1	=	-9.92E-08	KETA	=	-7.16E-03	A1	=	6.61E-04
   170:  + A2	=	8.89E-01	RDSW	=	1.12E+02	PRWG	=	4.92E-01
   171:  + PRWB	=	-2.02E-01	WR	=	1.00E+00	WINT	=	7.12E-09
   172:  + LINT	=	1.12E-08	XL	=	-2.00E-08	XW	=	-1.00E-08
   173:  + DWG	=	-3.82E-09	DWB	=	8.63E-09	VOFF	=	-8.82E-02
   174:  + NFACTOR	=	2.30E+00	CIT	=	0.00E+00	CDSC	=	2.40E-04
   175:  + CDSCD	=	0.00E+00	CDSCB	=	0.00E+00	ETA0	=	3.13E-03
   176:  + ETAB	=	1.00E+00	DSUB	=	2.25E-02	PCLM	=	7.20E-01
   177:  + PDIBLC1	=	2.15E-01	PDIBLC2	=	2.23E-03	PDIBLCB	=	1.00E-01
   178:  + DROUT	=	8.01E-01	PSCBE1	=	5.44E+08	PSCBE2	=	1.00E-03
   179:  + PVAG	=	1.00E-12	DELTA	=	1.00E-02	RSH	=	6.78E+00
   180:  + MOBMOD	=	1.00E+00	PRT	=	0.00E+00	UTE	=	-1.50E+00
   181:  + KT1	=	-1.10E-01	KT1L	=	0.00E+00	KT2	=	2.19E-02
   182:  + UA1	=	4.28E-09	UB1	=	-7.62E-18	UC1	=	-5.57E-11
   183:  + AT	=	3.30E+04	WL	=	0.00E+00	WLN	=	1.00E+00
   184:  + WW	=	0.00E+00	WWN	=	1.00E+00	WWL	=	0.00E+00
   185:  + LL	=	0.00E+00	LLN	=	1.00E+00	LW	=	0.00E+00
   186:  + LWN	=	1.00E+00	LWL	=	0.00E+00	CAPMOD	=	2.00E+00
   187:  + XPART	=	5.00E-01	CGDO	=	6.98E-10	CGSO	=	7.03E-10
   188:  + CGBO	=	1.00E-12	CJ	=	'9.8e-4/proc_delta'	PB	=	7.34E-01
   189:  + MJ	=	3.63E-01	CJSW	=	'2.4e-10/proc_delta'	PBSW	=	4.71E-01
   190:  + MJSW	=	1.00E-01	CJSWG	=	3.29E-10	PBSWG	=	4.66E-01
   191:  + MJSWG	=	1.00E-01	CF	=	0.00E+00	PVTH0	=	-7.16E-04
   192:  + PRDSW	=	-6.66E-01	PK2	=	5.92E-04	WKETA	=	2.14E-04
   193:  + LKETA	=	-1.51E-02	PU0	=	3.36E+00	PUA	=	-1.31E-11
   194:  + PUB	=	0.00E+00	PVSAT	=	1.25E+03	PETA0	=	1.00E-04
   195:  + PKETA	=	6.45E-04	KF	=	4.46E-29			
   196:  								
   197:  .MODEL PMOS PMOS  								
   198:  + VERSION	=	3.1						
   199:  + LEVEL	=	49	NOIMOD	=	1			
   200:  + TNOM	=	2.70E+01	TOX	=	'4.1E-9/proc_delta'	XJ	=	1.00E-07
   201:  + NCH	=	4.12E+17	VTH0	=	'-0.39-vt_shift'	K1	=	5.50E-01
   202:  + K2	=	3.50E-02	K3	=	0.00E+00	K3B	=	1.20E+01
   203:  + W0	=	1.00E-06	NLX	=	1.25E-07	DVT0W	=	0.00E+00
   204:  + DVT1W	=	0.00E+00	DVT2W	=	0.00E+00	DVT0	=	5.53E-01
   205:  + DVT1	=	2.46E-01	DVT2	=	1.00E-01	U0	=	'110*proc_delta*proc_delta'
   206:  + UA	=	1.44E-09	UB	=	2.29E-21	UC	=	-1.00E-10
   207:  + VSAT	=	1.95E+05	A0	=	1.72E+00	AGS	=	3.80E-01
   208:  + B0	=	5.87E-07	B1	=	1.44E-06	KETA	=	2.21E-02
   209:  + A1	=	4.66E-01	A2	=	3.00E-01	RDSW	=	3.11E+02
   210:  + PRWG	=	5.00E-01	PRWB	=	1.64E-02	WR	=	1.00E+00
   211:  + WINT	=	0.00E+00	LINT	=	2.00E-08	XL	=	-2.00E-08
   212:  + XW	=	-1.00E-08	DWG	=	-3.49E-08	DWB	=	1.22E-09
   213:  + VOFF	=	-9.80E-02	NFACTOR	=	2.00E+00	CIT	=	0.00E+00
   214:  + CDSC	=	2.40E-04	CDSCD	=	0.00E+00	CDSCB	=	0.00E+00
   215:  + ETA0	=	1.12E-03	ETAB	=	-4.79E-04	DSUB	=	1.60E-03
   216:  + PCLM	=	1.50E+00	PDIBLC1	=	3.00E-02	PDIBLC2	=	-1.01E-05
   217:  + PDIBLCB	=	1.00E-01	DROUT	=	1.56E-03	PSCBE1	=	4.91E+09
   218:  + PSCBE2	=	1.64E-09	PVAG	=	3.48E+00	DELTA	=	1.00E-02
   219:  + RSH	=	7.69E+00	MOBMOD	=	1.00E+00	PRT	=	0.00E+00
   220:  + UTE	=	-1.49E+00	KT1	=	-1.09E-01	KT1L	=	0.00E+00
   221:  + KT2	=	2.18E-02	UA1	=	4.27E-09	UB1	=	-7.68E-18
   222:  + UC1	=	-5.57E-11	AT	=	3.31E+04	WL	=	0.00E+00
   223:  + WLN	=	1.00E+00	WW	=	0.00E+00	WWN	=	1.00E+00
   224:  + WWL	=	0.00E+00	LL	=	0.00E+00	LLN	=	1.00E+00
   225:  + LW	=	0.00E+00	LWN	=	1.00E+00	LWL	=	0.00E+00
   226:  + CAPMOD	=	2.00E+00	XPART	=	5.00E-01	CGDO	=	6.88E-10
   227:  + CGSO	=	6.85E-10	CGBO	=	1.00E-12	CJ	=	'1.2e-3/proc_delta'
   228:  + PB	=	8.70E-01	MJ	=	4.20E-01	CJSW	=	'2.4e-10/proc_delta'
   229:  + PBSW	=	8.00E-01	MJSW	=	3.57E-01	CJSWG	=	4.24E-10
   230:  + PBSWG	=	8.00E-01	MJSWG	=	3.56E-01	CF	=	0.00E+00
   231:  + PVTH0	=	3.53E-03	PRDSW	=	1.02E+01	PK2	=	3.35E-03
   232:  + WKETA	=	3.52E-02	LKETA	=	-2.06E-03	PU0	=	-2.19E+00
   233:  + PUA	=	-7.63E-11	PUB	=	9.91E-22	PVSAT	=	5.00E+01
   234:  + PKETA	=	-6.41E-03	KF	=	1.29E-29	PETA0	=	7.31E-05
   235:  
   236:  *end of: C:\Users\Jonas\Documents\Uni\19W\design_of_integrated_circuits\project\p18_model_card.inc
   237:  
   238:  .tran 1n 60m

***************************  Model Parameters  ****************************


***************  Device Parameters (Only for .op analysis)  ***************



**************************  Analysis Parameters  **************************

	Stepsize ............ : 1n
	Final time .......... : 60m
	Use Initial Conditions: Off



**************  Options (Only those different from default)  **************



*************************  Simulation Statistics  *************************

	Total number of iterations.....................: 2074
	Number of iterations for transient analysis....: 2051
	Total number of timepoints.....................: 611
	Number of timepoints accepted..................: 551
	Number of timepoints rejected..................: 60
	Total analysis time (sec)......................: 0.203
	Transient analysis time (sec)..................: 0.2
	Time spent in device loading (sec).............: 0.023
	Time spent in L-U decomposition (sec)..........: 0.004
	Time spent in matrix reordering (sec)..........: 0
	Time spent in matrix solving (sec).............: 0.002
	Time spent in transient L-U decomposition (sec): 0.004
	Time spent in transient matrix solving (sec)...: 0.002

***************************  Kernel Messages  *****************************

Circuit: testbench

Warning: premature EOF
Warning: parameter xl not supported; value ignored
Warning: parameter xw not supported; value ignored
Warning: parameter xl not supported; value ignored
Warning: parameter xw not supported; value ignored
Warning: Pd = 0 is less than W for m:mc2:1 in model pmos.
Warning: Ps = 0 is less than W for m:mc2:1 in model pmos.
Warning: Pd = 0 is less than W for m:22:3 in model pmos.
Warning: Ps = 0 is less than W for m:22:3 in model pmos.
Warning: Pd = 0 is less than W for m:22:2 in model nmos.
Warning: Ps = 0 is less than W for m:22:2 in model nmos.
Warning: Pd = 0 is less than W for m:22:1 in model nmos.
Warning: Ps = 0 is less than W for m:22:1 in model nmos.

