
                 *********************************************
                 *                                           *
                 *             A I M - S p i c e             *
                 *                                           *
                 *         Professional Version 2019.100           *
                 *                                           *
                 *********************************************

	Date: Thu Oct 10 20:11:14 2019
	Circuit File: C:\Users\Vetle\Documents\GitHub\DIC_project\AIMSpice\Photo_diode.cir
	Analysis: Transient

**************************  Circuit Description  **************************

     1:  Photo diode
     2:  
     3:  VDD vdd 0 DC 1.8V	     
     4:  			     *VL VH   T0   TR  TF  TW   TP  
     5:  Vexpose expose 0 PULSE (0V 1.8V 1ms  1us 1us 30ms) 
     6:  Verase  erase  0 PULSE (0V 1.8V 32ms 1us 1us 1ms)
     7:  VNRE    NRE    0 DC 0V
     8:  
     9:  .param Ipd_1 = 750nA
    10:  X1 VDD N1  PhotoDiode
    11:  
    12:  M1 N1 expose N2  0   NMOS L = 1.08u W = 0.36u
    13:  M2 N2 erase  0   0   NMOS L = 0.36u W = 1.08u
    14:  M3 0 	N2 	 N3  vdd PMOS L = 0.36u W = 1.08u
    15:  M4 N3 NRE 	 out vdd PMOS L = 0.36u W = 1.08u
    16:  
    17:  Cs N2 0 3pF
    18:  
    19:  .plot tran V(N2)  
    20:  .plot tran i(Cs) 
    21:  .plot tran V(erase) V(expose)
    22:  
    23:  *include .\Photo-diode.sub
    24:  .subckt PhotoDiode  VDD N1_R1C1 
    25:  I1_R1C1  VDD   N1_R1C1   DC  Ipd_1
    26:  d1 N1_R1C1 vdd dwell 1
    27:  .model dwell d cj0=1e-14 is=1e-12 m=0.5 bv=40
    28:  Cd1 N1_R1C1 VDD 30f
    29:  .ends 
    30:  *end of: .\Photo-diode.sub
    31:  *include .\p18_cmos_models.inc
    32:  .param proc_delta = 0.95
    33:  .param vt_shift = 0.1
    34:  *include .\p18_model_card.inc
    35:  * p18 model card
    36:  .MODEL NMOS NMOS  								
    37:  + VERSION	=	3.1						
    38:  + LEVEL	=	49	NOIMOD	=	1	TNOM	=	2.70E+01
    39:  + TOX	=	'4.1E-9/proc_delta'	XJ	=	1.00E-07	NCH	=	2.33E+17
    40:  + VTH0	=	'0.36+vt_shift'	K1	=	5.84E-01	K2	=	4.14E-03
    41:  + K3	=	1.01E-03	K3B	=	2.20E+00	W0	=	1.00E-07
    42:  + NLX	=	1.81E-07	DVT0W	=	0.00E+00	DVT1W	=	0.00E+00
    43:  + DVT2W	=	0.00E+00	DVT0	=	1.73E+00	DVT1	=	4.38E-01
    44:  + DVT2	=	-3.70E-04	U0	=	'260*proc_delta*proc_delta'	UA	=	-1.38E-09
    45:  + UB	=	2.26E-18	UC	=	5.46E-11	VSAT	=	1.03E+05
    46:  + A0	=	1.92E+00	AGS	=	4.20E-01	B0	=	-1.52E-09
    47:  + B1	=	-9.92E-08	KETA	=	-7.16E-03	A1	=	6.61E-04
    48:  + A2	=	8.89E-01	RDSW	=	1.12E+02	PRWG	=	4.92E-01
    49:  + PRWB	=	-2.02E-01	WR	=	1.00E+00	WINT	=	7.12E-09
    50:  + LINT	=	1.12E-08	XL	=	-2.00E-08	XW	=	-1.00E-08
    51:  + DWG	=	-3.82E-09	DWB	=	8.63E-09	VOFF	=	-8.82E-02
    52:  + NFACTOR	=	2.30E+00	CIT	=	0.00E+00	CDSC	=	2.40E-04
    53:  + CDSCD	=	0.00E+00	CDSCB	=	0.00E+00	ETA0	=	3.13E-03
    54:  + ETAB	=	1.00E+00	DSUB	=	2.25E-02	PCLM	=	7.20E-01
    55:  + PDIBLC1	=	2.15E-01	PDIBLC2	=	2.23E-03	PDIBLCB	=	1.00E-01
    56:  + DROUT	=	8.01E-01	PSCBE1	=	5.44E+08	PSCBE2	=	1.00E-03
    57:  + PVAG	=	1.00E-12	DELTA	=	1.00E-02	RSH	=	6.78E+00
    58:  + MOBMOD	=	1.00E+00	PRT	=	0.00E+00	UTE	=	-1.50E+00
    59:  + KT1	=	-1.10E-01	KT1L	=	0.00E+00	KT2	=	2.19E-02
    60:  + UA1	=	4.28E-09	UB1	=	-7.62E-18	UC1	=	-5.57E-11
    61:  + AT	=	3.30E+04	WL	=	0.00E+00	WLN	=	1.00E+00
    62:  + WW	=	0.00E+00	WWN	=	1.00E+00	WWL	=	0.00E+00
    63:  + LL	=	0.00E+00	LLN	=	1.00E+00	LW	=	0.00E+00
    64:  + LWN	=	1.00E+00	LWL	=	0.00E+00	CAPMOD	=	2.00E+00
    65:  + XPART	=	5.00E-01	CGDO	=	6.98E-10	CGSO	=	7.03E-10
    66:  + CGBO	=	1.00E-12	CJ	=	'9.8e-4/proc_delta'	PB	=	7.34E-01
    67:  + MJ	=	3.63E-01	CJSW	=	'2.4e-10/proc_delta'	PBSW	=	4.71E-01
    68:  + MJSW	=	1.00E-01	CJSWG	=	3.29E-10	PBSWG	=	4.66E-01
    69:  + MJSWG	=	1.00E-01	CF	=	0.00E+00	PVTH0	=	-7.16E-04
    70:  + PRDSW	=	-6.66E-01	PK2	=	5.92E-04	WKETA	=	2.14E-04
    71:  + LKETA	=	-1.51E-02	PU0	=	3.36E+00	PUA	=	-1.31E-11
    72:  + PUB	=	0.00E+00	PVSAT	=	1.25E+03	PETA0	=	1.00E-04
    73:  + PKETA	=	6.45E-04	KF	=	4.46E-29			
    74:  								
    75:  .MODEL PMOS PMOS  								
    76:  + VERSION	=	3.1						
    77:  + LEVEL	=	49	NOIMOD	=	1			
    78:  + TNOM	=	2.70E+01	TOX	=	'4.1E-9/proc_delta'	XJ	=	1.00E-07
    79:  + NCH	=	4.12E+17	VTH0	=	'-0.39-vt_shift'	K1	=	5.50E-01
    80:  + K2	=	3.50E-02	K3	=	0.00E+00	K3B	=	1.20E+01
    81:  + W0	=	1.00E-06	NLX	=	1.25E-07	DVT0W	=	0.00E+00
    82:  + DVT1W	=	0.00E+00	DVT2W	=	0.00E+00	DVT0	=	5.53E-01
    83:  + DVT1	=	2.46E-01	DVT2	=	1.00E-01	U0	=	'110*proc_delta*proc_delta'
    84:  + UA	=	1.44E-09	UB	=	2.29E-21	UC	=	-1.00E-10
    85:  + VSAT	=	1.95E+05	A0	=	1.72E+00	AGS	=	3.80E-01
    86:  + B0	=	5.87E-07	B1	=	1.44E-06	KETA	=	2.21E-02
    87:  + A1	=	4.66E-01	A2	=	3.00E-01	RDSW	=	3.11E+02
    88:  + PRWG	=	5.00E-01	PRWB	=	1.64E-02	WR	=	1.00E+00
    89:  + WINT	=	0.00E+00	LINT	=	2.00E-08	XL	=	-2.00E-08
    90:  + XW	=	-1.00E-08	DWG	=	-3.49E-08	DWB	=	1.22E-09
    91:  + VOFF	=	-9.80E-02	NFACTOR	=	2.00E+00	CIT	=	0.00E+00
    92:  + CDSC	=	2.40E-04	CDSCD	=	0.00E+00	CDSCB	=	0.00E+00
    93:  + ETA0	=	1.12E-03	ETAB	=	-4.79E-04	DSUB	=	1.60E-03
    94:  + PCLM	=	1.50E+00	PDIBLC1	=	3.00E-02	PDIBLC2	=	-1.01E-05
    95:  + PDIBLCB	=	1.00E-01	DROUT	=	1.56E-03	PSCBE1	=	4.91E+09
    96:  + PSCBE2	=	1.64E-09	PVAG	=	3.48E+00	DELTA	=	1.00E-02
    97:  + RSH	=	7.69E+00	MOBMOD	=	1.00E+00	PRT	=	0.00E+00
    98:  + UTE	=	-1.49E+00	KT1	=	-1.09E-01	KT1L	=	0.00E+00
    99:  + KT2	=	2.18E-02	UA1	=	4.27E-09	UB1	=	-7.68E-18
   100:  + UC1	=	-5.57E-11	AT	=	3.31E+04	WL	=	0.00E+00
   101:  + WLN	=	1.00E+00	WW	=	0.00E+00	WWN	=	1.00E+00
   102:  + WWL	=	0.00E+00	LL	=	0.00E+00	LLN	=	1.00E+00
   103:  + LW	=	0.00E+00	LWN	=	1.00E+00	LWL	=	0.00E+00
   104:  + CAPMOD	=	2.00E+00	XPART	=	5.00E-01	CGDO	=	6.88E-10
   105:  + CGSO	=	6.85E-10	CGBO	=	1.00E-12	CJ	=	'1.2e-3/proc_delta'
   106:  + PB	=	8.70E-01	MJ	=	4.20E-01	CJSW	=	'2.4e-10/proc_delta'
   107:  + PBSW	=	8.00E-01	MJSW	=	3.57E-01	CJSWG	=	4.24E-10
   108:  + PBSWG	=	8.00E-01	MJSWG	=	3.56E-01	CF	=	0.00E+00
   109:  + PVTH0	=	3.53E-03	PRDSW	=	1.02E+01	PK2	=	3.35E-03
   110:  + WKETA	=	3.52E-02	LKETA	=	-2.06E-03	PU0	=	-2.19E+00
   111:  + PUA	=	-7.63E-11	PUB	=	9.91E-22	PVSAT	=	5.00E+01
   112:  + PKETA	=	-6.41E-03	KF	=	1.29E-29	PETA0	=	7.31E-05
   113:  
   114:  *end of: .\p18_model_card.inc
   115:  *end of: .\p18_cmos_models.inc
   116:  .tran 0.01m 40m 0

***************************  Model Parameters  ****************************


***************  Device Parameters (Only for .op analysis)  ***************



**************************  Analysis Parameters  **************************

	Stepsize ............ : 0.01m
	Final time .......... : 40m
	Display start time .. : 0
	Use Initial Conditions: Off



**************  Options (Only those different from default)  **************



*************************  Simulation Statistics  *************************

	Total number of iterations.....................: 614
	Number of iterations for transient analysis....: 590
	Total number of timepoints.....................: 182
	Number of timepoints accepted..................: 161
	Number of timepoints rejected..................: 21
	Total analysis time (sec)......................: 0.06
	Transient analysis time (sec)..................: 0.059
	Time spent in device loading (sec).............: 0.007
	Time spent in L-U decomposition (sec)..........: 0
	Time spent in matrix reordering (sec)..........: 0
	Time spent in matrix solving (sec).............: 0
	Time spent in transient L-U decomposition (sec): 0
	Time spent in transient matrix solving (sec)...: 0

***************************  Kernel Messages  *****************************

Circuit: Photo diode

Warning: premature EOF
Warning: parameter xl not supported; value ignored
Warning: parameter xw not supported; value ignored
Warning: parameter xl not supported; value ignored
Warning: parameter xw not supported; value ignored
Warning: Pd = 0 is less than W for m4 in model pmos.
Warning: Ps = 0 is less than W for m4 in model pmos.
Warning: Pd = 0 is less than W for m2 in model nmos.
Warning: Ps = 0 is less than W for m2 in model nmos.
Warning: Pd = 0 is less than W for m1 in model nmos.
Warning: Ps = 0 is less than W for m1 in model nmos.
Warning: verase: no DC value, transient time 0 value used
Warning: vexpose: no DC value, transient time 0 value used
Warning: Node out has less than two connections
Warning: verase: no DC value, transient time 0 value used
Warning: vexpose: no DC value, transient time 0 value used

