
                 *********************************************
                 *                                           *
                 *             A I M - S p i c e             *
                 *                                           *
                 *         Professional Version 2019.100           *
                 *                                           *
                 *********************************************

	Date: Mon Oct 21 14:50:39 2019
	Circuit File: Untitled
	Analysis: Transient

**************************  Circuit Description  **************************

     1:  Exericise 4 2.b)
     2:  vdd sp 0 DC 1.8V
     3:  vg g 0 pulse (0V 1.8V 5ms 1us 30ms)
     4:  .param k = {27/7}
     5:  .param w1 = {5*0.18u}
     6:  m1 d g sp sp PMOS L = 0.18u W = {k*w1}
     7:  m2 d g 0  0  NMOS L = 0.18u W = w1
     8:  
     9:  .plot tran V(d) V(g)
    10:  .plot tran Id(m1) Id(m2) 
    11:  
    12:  *include C:\Users\Vetle\Documents\Integrated_Ciruits\Exercise3\p18_model_card.inc
    13:  * p18 model card
    14:  .MODEL NMOS NMOS  								
    15:  + VERSION	=	3.1						
    16:  + LEVEL	=	49	NOIMOD	=	1	TNOM	=	2.70E+01
    17:  + TOX	=	'4.1E-9/proc_delta'	XJ	=	1.00E-07	NCH	=	2.33E+17
    18:  + VTH0	=	'0.36+vt_shift'	K1	=	5.84E-01	K2	=	4.14E-03
    19:  + K3	=	1.01E-03	K3B	=	2.20E+00	W0	=	1.00E-07
    20:  + NLX	=	1.81E-07	DVT0W	=	0.00E+00	DVT1W	=	0.00E+00
    21:  + DVT2W	=	0.00E+00	DVT0	=	1.73E+00	DVT1	=	4.38E-01
    22:  + DVT2	=	-3.70E-04	U0	=	'260*proc_delta*proc_delta'	UA	=	-1.38E-09
    23:  + UB	=	2.26E-18	UC	=	5.46E-11	VSAT	=	1.03E+05
    24:  + A0	=	1.92E+00	AGS	=	4.20E-01	B0	=	-1.52E-09
    25:  + B1	=	-9.92E-08	KETA	=	-7.16E-03	A1	=	6.61E-04
    26:  + A2	=	8.89E-01	RDSW	=	1.12E+02	PRWG	=	4.92E-01
    27:  + PRWB	=	-2.02E-01	WR	=	1.00E+00	WINT	=	7.12E-09
    28:  + LINT	=	1.12E-08	XL	=	-2.00E-08	XW	=	-1.00E-08
    29:  + DWG	=	-3.82E-09	DWB	=	8.63E-09	VOFF	=	-8.82E-02
    30:  + NFACTOR	=	2.30E+00	CIT	=	0.00E+00	CDSC	=	2.40E-04
    31:  + CDSCD	=	0.00E+00	CDSCB	=	0.00E+00	ETA0	=	3.13E-03
    32:  + ETAB	=	1.00E+00	DSUB	=	2.25E-02	PCLM	=	7.20E-01
    33:  + PDIBLC1	=	2.15E-01	PDIBLC2	=	2.23E-03	PDIBLCB	=	1.00E-01
    34:  + DROUT	=	8.01E-01	PSCBE1	=	5.44E+08	PSCBE2	=	1.00E-03
    35:  + PVAG	=	1.00E-12	DELTA	=	1.00E-02	RSH	=	6.78E+00
    36:  + MOBMOD	=	1.00E+00	PRT	=	0.00E+00	UTE	=	-1.50E+00
    37:  + KT1	=	-1.10E-01	KT1L	=	0.00E+00	KT2	=	2.19E-02
    38:  + UA1	=	4.28E-09	UB1	=	-7.62E-18	UC1	=	-5.57E-11
    39:  + AT	=	3.30E+04	WL	=	0.00E+00	WLN	=	1.00E+00
    40:  + WW	=	0.00E+00	WWN	=	1.00E+00	WWL	=	0.00E+00
    41:  + LL	=	0.00E+00	LLN	=	1.00E+00	LW	=	0.00E+00
    42:  + LWN	=	1.00E+00	LWL	=	0.00E+00	CAPMOD	=	2.00E+00
    43:  + XPART	=	5.00E-01	CGDO	=	6.98E-10	CGSO	=	7.03E-10
    44:  + CGBO	=	1.00E-12	CJ	=	'9.8e-4/proc_delta'	PB	=	7.34E-01
    45:  + MJ	=	3.63E-01	CJSW	=	'2.4e-10/proc_delta'	PBSW	=	4.71E-01
    46:  + MJSW	=	1.00E-01	CJSWG	=	3.29E-10	PBSWG	=	4.66E-01
    47:  + MJSWG	=	1.00E-01	CF	=	0.00E+00	PVTH0	=	-7.16E-04
    48:  + PRDSW	=	-6.66E-01	PK2	=	5.92E-04	WKETA	=	2.14E-04
    49:  + LKETA	=	-1.51E-02	PU0	=	3.36E+00	PUA	=	-1.31E-11
    50:  + PUB	=	0.00E+00	PVSAT	=	1.25E+03	PETA0	=	1.00E-04
    51:  + PKETA	=	6.45E-04	KF	=	4.46E-29			
    52:  								
    53:  .MODEL PMOS PMOS  								
    54:  + VERSION	=	3.1						
    55:  + LEVEL	=	49	NOIMOD	=	1			
    56:  + TNOM	=	2.70E+01	TOX	=	'4.1E-9/proc_delta'	XJ	=	1.00E-07
    57:  + NCH	=	4.12E+17	VTH0	=	'-0.39-vt_shift'	K1	=	5.50E-01
    58:  + K2	=	3.50E-02	K3	=	0.00E+00	K3B	=	1.20E+01
    59:  + W0	=	1.00E-06	NLX	=	1.25E-07	DVT0W	=	0.00E+00
    60:  + DVT1W	=	0.00E+00	DVT2W	=	0.00E+00	DVT0	=	5.53E-01
    61:  + DVT1	=	2.46E-01	DVT2	=	1.00E-01	U0	=	'110*proc_delta*proc_delta'
    62:  + UA	=	1.44E-09	UB	=	2.29E-21	UC	=	-1.00E-10
    63:  + VSAT	=	1.95E+05	A0	=	1.72E+00	AGS	=	3.80E-01
    64:  + B0	=	5.87E-07	B1	=	1.44E-06	KETA	=	2.21E-02
    65:  + A1	=	4.66E-01	A2	=	3.00E-01	RDSW	=	3.11E+02
    66:  + PRWG	=	5.00E-01	PRWB	=	1.64E-02	WR	=	1.00E+00
    67:  + WINT	=	0.00E+00	LINT	=	2.00E-08	XL	=	-2.00E-08
    68:  + XW	=	-1.00E-08	DWG	=	-3.49E-08	DWB	=	1.22E-09
    69:  + VOFF	=	-9.80E-02	NFACTOR	=	2.00E+00	CIT	=	0.00E+00
    70:  + CDSC	=	2.40E-04	CDSCD	=	0.00E+00	CDSCB	=	0.00E+00
    71:  + ETA0	=	1.12E-03	ETAB	=	-4.79E-04	DSUB	=	1.60E-03
    72:  + PCLM	=	1.50E+00	PDIBLC1	=	3.00E-02	PDIBLC2	=	-1.01E-05
    73:  + PDIBLCB	=	1.00E-01	DROUT	=	1.56E-03	PSCBE1	=	4.91E+09
    74:  + PSCBE2	=	1.64E-09	PVAG	=	3.48E+00	DELTA	=	1.00E-02
    75:  + RSH	=	7.69E+00	MOBMOD	=	1.00E+00	PRT	=	0.00E+00
    76:  + UTE	=	-1.49E+00	KT1	=	-1.09E-01	KT1L	=	0.00E+00
    77:  + KT2	=	2.18E-02	UA1	=	4.27E-09	UB1	=	-7.68E-18
    78:  + UC1	=	-5.57E-11	AT	=	3.31E+04	WL	=	0.00E+00
    79:  + WLN	=	1.00E+00	WW	=	0.00E+00	WWN	=	1.00E+00
    80:  + WWL	=	0.00E+00	LL	=	0.00E+00	LLN	=	1.00E+00
    81:  + LW	=	0.00E+00	LWN	=	1.00E+00	LWL	=	0.00E+00
    82:  + CAPMOD	=	2.00E+00	XPART	=	5.00E-01	CGDO	=	6.88E-10
    83:  + CGSO	=	6.85E-10	CGBO	=	1.00E-12	CJ	=	'1.2e-3/proc_delta'
    84:  + PB	=	8.70E-01	MJ	=	4.20E-01	CJSW	=	'2.4e-10/proc_delta'
    85:  + PBSW	=	8.00E-01	MJSW	=	3.57E-01	CJSWG	=	4.24E-10
    86:  + PBSWG	=	8.00E-01	MJSWG	=	3.56E-01	CF	=	0.00E+00
    87:  + PVTH0	=	3.53E-03	PRDSW	=	1.02E+01	PK2	=	3.35E-03
    88:  + WKETA	=	3.52E-02	LKETA	=	-2.06E-03	PU0	=	-2.19E+00
    89:  + PUA	=	-7.63E-11	PUB	=	9.91E-22	PVSAT	=	5.00E+01
    90:  + PKETA	=	-6.41E-03	KF	=	1.29E-29	PETA0	=	7.31E-05
    91:  
    92:  *end of: C:\Users\Vetle\Documents\Integrated_Ciruits\Exercise3\p18_model_card.inc
    93:  *include C:\Users\Vetle\Documents\Integrated_Ciruits\Exercise3\p18_cmos_models_ff.inc
    94:  .param proc_delta = 1.10
    95:  .param vt_shift = -0.15
    96:  *include p18_model_card.inc
    97:  * p18 model card
    98:  .MODEL NMOS NMOS  								
    99:  + VERSION	=	3.1						
   100:  + LEVEL	=	49	NOIMOD	=	1	TNOM	=	2.70E+01
   101:  + TOX	=	'4.1E-9/proc_delta'	XJ	=	1.00E-07	NCH	=	2.33E+17
   102:  + VTH0	=	'0.36+vt_shift'	K1	=	5.84E-01	K2	=	4.14E-03
   103:  + K3	=	1.01E-03	K3B	=	2.20E+00	W0	=	1.00E-07
   104:  + NLX	=	1.81E-07	DVT0W	=	0.00E+00	DVT1W	=	0.00E+00
   105:  + DVT2W	=	0.00E+00	DVT0	=	1.73E+00	DVT1	=	4.38E-01
   106:  + DVT2	=	-3.70E-04	U0	=	'260*proc_delta*proc_delta'	UA	=	-1.38E-09
   107:  + UB	=	2.26E-18	UC	=	5.46E-11	VSAT	=	1.03E+05
   108:  + A0	=	1.92E+00	AGS	=	4.20E-01	B0	=	-1.52E-09
   109:  + B1	=	-9.92E-08	KETA	=	-7.16E-03	A1	=	6.61E-04
   110:  + A2	=	8.89E-01	RDSW	=	1.12E+02	PRWG	=	4.92E-01
   111:  + PRWB	=	-2.02E-01	WR	=	1.00E+00	WINT	=	7.12E-09
   112:  + LINT	=	1.12E-08	XL	=	-2.00E-08	XW	=	-1.00E-08
   113:  + DWG	=	-3.82E-09	DWB	=	8.63E-09	VOFF	=	-8.82E-02
   114:  + NFACTOR	=	2.30E+00	CIT	=	0.00E+00	CDSC	=	2.40E-04
   115:  + CDSCD	=	0.00E+00	CDSCB	=	0.00E+00	ETA0	=	3.13E-03
   116:  + ETAB	=	1.00E+00	DSUB	=	2.25E-02	PCLM	=	7.20E-01
   117:  + PDIBLC1	=	2.15E-01	PDIBLC2	=	2.23E-03	PDIBLCB	=	1.00E-01
   118:  + DROUT	=	8.01E-01	PSCBE1	=	5.44E+08	PSCBE2	=	1.00E-03
   119:  + PVAG	=	1.00E-12	DELTA	=	1.00E-02	RSH	=	6.78E+00
   120:  + MOBMOD	=	1.00E+00	PRT	=	0.00E+00	UTE	=	-1.50E+00
   121:  + KT1	=	-1.10E-01	KT1L	=	0.00E+00	KT2	=	2.19E-02
   122:  + UA1	=	4.28E-09	UB1	=	-7.62E-18	UC1	=	-5.57E-11
   123:  + AT	=	3.30E+04	WL	=	0.00E+00	WLN	=	1.00E+00
   124:  + WW	=	0.00E+00	WWN	=	1.00E+00	WWL	=	0.00E+00
   125:  + LL	=	0.00E+00	LLN	=	1.00E+00	LW	=	0.00E+00
   126:  + LWN	=	1.00E+00	LWL	=	0.00E+00	CAPMOD	=	2.00E+00
   127:  + XPART	=	5.00E-01	CGDO	=	6.98E-10	CGSO	=	7.03E-10
   128:  + CGBO	=	1.00E-12	CJ	=	'9.8e-4/proc_delta'	PB	=	7.34E-01
   129:  + MJ	=	3.63E-01	CJSW	=	'2.4e-10/proc_delta'	PBSW	=	4.71E-01
   130:  + MJSW	=	1.00E-01	CJSWG	=	3.29E-10	PBSWG	=	4.66E-01
   131:  + MJSWG	=	1.00E-01	CF	=	0.00E+00	PVTH0	=	-7.16E-04
   132:  + PRDSW	=	-6.66E-01	PK2	=	5.92E-04	WKETA	=	2.14E-04
   133:  + LKETA	=	-1.51E-02	PU0	=	3.36E+00	PUA	=	-1.31E-11
   134:  + PUB	=	0.00E+00	PVSAT	=	1.25E+03	PETA0	=	1.00E-04
   135:  + PKETA	=	6.45E-04	KF	=	4.46E-29			
   136:  								
   137:  .MODEL PMOS PMOS  								
   138:  + VERSION	=	3.1						
   139:  + LEVEL	=	49	NOIMOD	=	1			
   140:  + TNOM	=	2.70E+01	TOX	=	'4.1E-9/proc_delta'	XJ	=	1.00E-07
   141:  + NCH	=	4.12E+17	VTH0	=	'-0.39-vt_shift'	K1	=	5.50E-01
   142:  + K2	=	3.50E-02	K3	=	0.00E+00	K3B	=	1.20E+01
   143:  + W0	=	1.00E-06	NLX	=	1.25E-07	DVT0W	=	0.00E+00
   144:  + DVT1W	=	0.00E+00	DVT2W	=	0.00E+00	DVT0	=	5.53E-01
   145:  + DVT1	=	2.46E-01	DVT2	=	1.00E-01	U0	=	'110*proc_delta*proc_delta'
   146:  + UA	=	1.44E-09	UB	=	2.29E-21	UC	=	-1.00E-10
   147:  + VSAT	=	1.95E+05	A0	=	1.72E+00	AGS	=	3.80E-01
   148:  + B0	=	5.87E-07	B1	=	1.44E-06	KETA	=	2.21E-02
   149:  + A1	=	4.66E-01	A2	=	3.00E-01	RDSW	=	3.11E+02
   150:  + PRWG	=	5.00E-01	PRWB	=	1.64E-02	WR	=	1.00E+00
   151:  + WINT	=	0.00E+00	LINT	=	2.00E-08	XL	=	-2.00E-08
   152:  + XW	=	-1.00E-08	DWG	=	-3.49E-08	DWB	=	1.22E-09
   153:  + VOFF	=	-9.80E-02	NFACTOR	=	2.00E+00	CIT	=	0.00E+00
   154:  + CDSC	=	2.40E-04	CDSCD	=	0.00E+00	CDSCB	=	0.00E+00
   155:  + ETA0	=	1.12E-03	ETAB	=	-4.79E-04	DSUB	=	1.60E-03
   156:  + PCLM	=	1.50E+00	PDIBLC1	=	3.00E-02	PDIBLC2	=	-1.01E-05
   157:  + PDIBLCB	=	1.00E-01	DROUT	=	1.56E-03	PSCBE1	=	4.91E+09
   158:  + PSCBE2	=	1.64E-09	PVAG	=	3.48E+00	DELTA	=	1.00E-02
   159:  + RSH	=	7.69E+00	MOBMOD	=	1.00E+00	PRT	=	0.00E+00
   160:  + UTE	=	-1.49E+00	KT1	=	-1.09E-01	KT1L	=	0.00E+00
   161:  + KT2	=	2.18E-02	UA1	=	4.27E-09	UB1	=	-7.68E-18
   162:  + UC1	=	-5.57E-11	AT	=	3.31E+04	WL	=	0.00E+00
   163:  + WLN	=	1.00E+00	WW	=	0.00E+00	WWN	=	1.00E+00
   164:  + WWL	=	0.00E+00	LL	=	0.00E+00	LLN	=	1.00E+00
   165:  + LW	=	0.00E+00	LWN	=	1.00E+00	LWL	=	0.00E+00
   166:  + CAPMOD	=	2.00E+00	XPART	=	5.00E-01	CGDO	=	6.88E-10
   167:  + CGSO	=	6.85E-10	CGBO	=	1.00E-12	CJ	=	'1.2e-3/proc_delta'
   168:  + PB	=	8.70E-01	MJ	=	4.20E-01	CJSW	=	'2.4e-10/proc_delta'
   169:  + PBSW	=	8.00E-01	MJSW	=	3.57E-01	CJSWG	=	4.24E-10
   170:  + PBSWG	=	8.00E-01	MJSWG	=	3.56E-01	CF	=	0.00E+00
   171:  + PVTH0	=	3.53E-03	PRDSW	=	1.02E+01	PK2	=	3.35E-03
   172:  + WKETA	=	3.52E-02	LKETA	=	-2.06E-03	PU0	=	-2.19E+00
   173:  + PUA	=	-7.63E-11	PUB	=	9.91E-22	PVSAT	=	5.00E+01
   174:  + PKETA	=	-6.41E-03	KF	=	1.29E-29	PETA0	=	7.31E-05
   175:  
   176:  *end of: p18_model_card.inc
   177:  *end of: C:\Users\Vetle\Documents\Integrated_Ciruits\Exercise3\p18_cmos_models_ff.inc
   178:  .tran 1us 40ms

***************************  Model Parameters  ****************************


***************  Device Parameters (Only for .op analysis)  ***************



**************************  Analysis Parameters  **************************

	Stepsize ............ : 1us
	Final time .......... : 40ms
	Use Initial Conditions: Off



**************  Options (Only those different from default)  **************



*************************  Simulation Statistics  *************************

	Total number of iterations.....................: 217
	Number of iterations for transient analysis....: 210
	Total number of timepoints.....................: 93
	Number of timepoints accepted..................: 88
	Number of timepoints rejected..................: 5
	Total analysis time (sec)......................: 0.054
	Transient analysis time (sec)..................: 0.053
	Time spent in device loading (sec).............: 0
	Time spent in L-U decomposition (sec)..........: 0
	Time spent in matrix reordering (sec)..........: 0
	Time spent in matrix solving (sec).............: 0
	Time spent in transient L-U decomposition (sec): 0
	Time spent in transient matrix solving (sec)...: 0

***************************  Kernel Messages  *****************************

Circuit: Exericise 4 2.b)

Warning: parameter xl not supported; value ignored
Warning: parameter xw not supported; value ignored
Warning: parameter xl not supported; value ignored
Warning: parameter xw not supported; value ignored
Warning: Pd = 0 is less than W for m2 in model nmos.
Warning: Ps = 0 is less than W for m2 in model nmos.
Warning: Pd = 0 is less than W for m1 in model pmos.
Warning: Ps = 0 is less than W for m1 in model pmos.
Warning: vg: no DC value, transient time 0 value used
Warning: vg: no DC value, transient time 0 value used

